<?xml version="1.0" encoding="UTF-8"?>
<testng-results ignored="0" total="1" passed="1" failed="0" skipped="0">
  <reporter-output>
  </reporter-output>
  <suite started-at="2024-03-27T15:22:21 IST" name="Default suite" finished-at="2024-03-27T15:22:34 IST" duration-ms="13220">
    <groups>
    </groups>
    <test started-at="2024-03-27T15:22:21 IST" name="Default test" finished-at="2024-03-27T15:22:34 IST" duration-ms="13220">
      <class name="com.TestClasses.PIMOrangeModule">
        <test-method is-config="true" signature="setup()[pri:0, instance:com.TestClasses.PIMOrangeModule@449a4f23]" started-at="2024-03-27T15:22:21 IST" name="setup" finished-at="2024-03-27T15:22:34 IST" duration-ms="12717" status="PASS">
          <reporter-output>
          </reporter-output>
        </test-method> <!-- setup -->
        <test-method signature="test()[pri:0, instance:com.TestClasses.PIMOrangeModule@449a4f23]" started-at="2024-03-27T15:22:34 IST" name="test" finished-at="2024-03-27T15:22:34 IST" duration-ms="389" status="PASS">
          <reporter-output>
          </reporter-output>
        </test-method> <!-- test -->
        <test-method is-config="true" signature="teardown()[pri:0, instance:com.TestClasses.PIMOrangeModule@449a4f23]" started-at="2024-03-27T15:22:34 IST" name="teardown" finished-at="2024-03-27T15:22:34 IST" duration-ms="13" status="PASS">
          <reporter-output>
          </reporter-output>
        </test-method> <!-- teardown -->
      </class> <!-- com.TestClasses.PIMOrangeModule -->
    </test> <!-- Default test -->
  </suite> <!-- Default suite -->
</testng-results>
